Building DAG of jobs...
Using shell: /bin/bash
Provided cores: 10
Rules claiming more threads will be scaled down.
Job stats:
job             count
------------  -------
all                 1
create_input        1
process_data        1
total               3

Select jobs to execute...
Execute 1 jobs...

[Mon Jul 15 12:33:14 2024]
localrule create_input:
    output: data/input.txt
    jobid: 2
    reason: Missing output files: data/input.txt
    resources: tmpdir=/var/folders/sk/fd7tk3_558qfmyld_br712rc0000gn/T

[Mon Jul 15 12:33:14 2024]
Finished job 2.
1 of 3 steps (33%) done
Select jobs to execute...
Execute 1 jobs...

[Mon Jul 15 12:33:14 2024]
localrule process_data:
    input: data/input.txt
    output: results/output.txt
    jobid: 1
    reason: Missing output files: results/output.txt; Input files updated by another job: data/input.txt
    resources: tmpdir=/var/folders/sk/fd7tk3_558qfmyld_br712rc0000gn/T

[Mon Jul 15 12:33:14 2024]
Finished job 1.
2 of 3 steps (67%) done
Select jobs to execute...
Execute 1 jobs...

[Mon Jul 15 12:33:14 2024]
localrule all:
    input: results/output.txt
    jobid: 0
    reason: Input files updated by another job: results/output.txt
    resources: tmpdir=/var/folders/sk/fd7tk3_558qfmyld_br712rc0000gn/T

[Mon Jul 15 12:33:14 2024]
Finished job 0.
3 of 3 steps (100%) done
Complete log: .snakemake/log/2024-07-15T123314.657736.snakemake.log
